<?xml version="1.0" encoding="UTF-8"?>
<testsuite name="com.measurements.QuantityMeasurementTest" tests="44" skipped="0" failures="2" errors="0" timestamp="2020-06-05T16:46:01" hostname="KYOOLBABA" time="0.02">
  <properties/>
  <testcase name="givenTwoIdenticalValues_when1InchNotEqualTo1Feet_shouldReturnFalse" classname="com.measurements.QuantityMeasurementTest" time="0.003"/>
  <testcase name="given3FeetAnd3Inch_whenAdded_shouldReturnFeet" classname="com.measurements.QuantityMeasurementTest" time="0.0"/>
  <testcase name="givenTwoValues_whenCreated_shouldReturnNull" classname="com.measurements.QuantityMeasurementTest" time="0.0"/>
  <testcase name="givenInchAndCentiMetersAnd3Inch_whenAdded_shouldReturnInch" classname="com.measurements.QuantityMeasurementTest" time="0.0"/>
  <testcase name="givenFarenHiet_whenConverted_shouldReturnInKilogramPositiveTesting" classname="com.measurements.QuantityMeasurementTest" time="0.005">
    <failure message="java.lang.AssertionError: expected:&lt;100.0&gt; but was:&lt;324.0&gt;" type="java.lang.AssertionError">java.lang.AssertionError: expected:&lt;100.0&gt; but was:&lt;324.0&gt;
	at org.junit.Assert.fail(Assert.java:88)
	at org.junit.Assert.failNotEquals(Assert.java:834)
	at org.junit.Assert.assertEquals(Assert.java:553)
	at org.junit.Assert.assertEquals(Assert.java:683)
	at com.measurements.QuantityMeasurementTest.givenFarenHiet_whenConverted_shouldReturnInKilogramPositiveTesting(QuantityMeasurementTest.java:549)
	at sun.reflect.NativeMethodAccessorImpl.invoke0(Native Method)
	at sun.reflect.NativeMethodAccessorImpl.invoke(NativeMethodAccessorImpl.java:62)
	at sun.reflect.DelegatingMethodAccessorImpl.invoke(DelegatingMethodAccessorImpl.java:43)
	at java.lang.reflect.Method.invoke(Method.java:498)
	at org.junit.runners.model.FrameworkMethod$1.runReflectiveCall(FrameworkMethod.java:50)
	at org.junit.internal.runners.model.ReflectiveCallable.run(ReflectiveCallable.java:12)
	at org.junit.runners.model.FrameworkMethod.invokeExplosively(FrameworkMethod.java:47)
	at org.junit.internal.runners.statements.InvokeMethod.evaluate(InvokeMethod.java:17)
	at org.junit.runners.ParentRunner.runLeaf(ParentRunner.java:325)
	at org.junit.runners.BlockJUnit4ClassRunner.runChild(BlockJUnit4ClassRunner.java:78)
	at org.junit.runners.BlockJUnit4ClassRunner.runChild(BlockJUnit4ClassRunner.java:57)
	at org.junit.runners.ParentRunner$3.run(ParentRunner.java:290)
	at org.junit.runners.ParentRunner$1.schedule(ParentRunner.java:71)
	at org.junit.runners.ParentRunner.runChildren(ParentRunner.java:288)
	at org.junit.runners.ParentRunner.access$000(ParentRunner.java:58)
	at org.junit.runners.ParentRunner$2.evaluate(ParentRunner.java:268)
	at org.junit.runners.ParentRunner.run(ParentRunner.java:363)
	at org.gradle.api.internal.tasks.testing.junit.JUnitTestClassExecutor.runTestClass(JUnitTestClassExecutor.java:110)
	at org.gradle.api.internal.tasks.testing.junit.JUnitTestClassExecutor.execute(JUnitTestClassExecutor.java:58)
	at org.gradle.api.internal.tasks.testing.junit.JUnitTestClassExecutor.execute(JUnitTestClassExecutor.java:38)
	at org.gradle.api.internal.tasks.testing.junit.AbstractJUnitTestClassProcessor.processTestClass(AbstractJUnitTestClassProcessor.java:62)
	at org.gradle.api.internal.tasks.testing.SuiteTestClassProcessor.processTestClass(SuiteTestClassProcessor.java:51)
	at sun.reflect.NativeMethodAccessorImpl.invoke0(Native Method)
	at sun.reflect.NativeMethodAccessorImpl.invoke(NativeMethodAccessorImpl.java:62)
	at sun.reflect.DelegatingMethodAccessorImpl.invoke(DelegatingMethodAccessorImpl.java:43)
	at java.lang.reflect.Method.invoke(Method.java:498)
	at org.gradle.internal.dispatch.ReflectionDispatch.dispatch(ReflectionDispatch.java:36)
	at org.gradle.internal.dispatch.ReflectionDispatch.dispatch(ReflectionDispatch.java:24)
	at org.gradle.internal.dispatch.ContextClassLoaderDispatch.dispatch(ContextClassLoaderDispatch.java:33)
	at org.gradle.internal.dispatch.ProxyDispatchAdapter$DispatchingInvocationHandler.invoke(ProxyDispatchAdapter.java:94)
	at com.sun.proxy.$Proxy2.processTestClass(Unknown Source)
	at org.gradle.api.internal.tasks.testing.worker.TestWorker.processTestClass(TestWorker.java:118)
	at sun.reflect.NativeMethodAccessorImpl.invoke0(Native Method)
	at sun.reflect.NativeMethodAccessorImpl.invoke(NativeMethodAccessorImpl.java:62)
	at sun.reflect.DelegatingMethodAccessorImpl.invoke(DelegatingMethodAccessorImpl.java:43)
	at java.lang.reflect.Method.invoke(Method.java:498)
	at org.gradle.internal.dispatch.ReflectionDispatch.dispatch(ReflectionDispatch.java:36)
	at org.gradle.internal.dispatch.ReflectionDispatch.dispatch(ReflectionDispatch.java:24)
	at org.gradle.internal.remote.internal.hub.MessageHubBackedObjectConnection$DispatchWrapper.dispatch(MessageHubBackedObjectConnection.java:182)
	at org.gradle.internal.remote.internal.hub.MessageHubBackedObjectConnection$DispatchWrapper.dispatch(MessageHubBackedObjectConnection.java:164)
	at org.gradle.internal.remote.internal.hub.MessageHub$Handler.run(MessageHub.java:412)
	at org.gradle.internal.concurrent.ExecutorPolicy$CatchAndRecordFailures.onExecute(ExecutorPolicy.java:64)
	at org.gradle.internal.concurrent.ManagedExecutorImpl$1.run(ManagedExecutorImpl.java:48)
	at java.util.concurrent.ThreadPoolExecutor.runWorker(ThreadPoolExecutor.java:1149)
	at java.util.concurrent.ThreadPoolExecutor$Worker.run(ThreadPoolExecutor.java:624)
	at org.gradle.internal.concurrent.ThreadFactoryImpl$ManagedThreadRunnable.run(ThreadFactoryImpl.java:56)
	at java.lang.Thread.run(Thread.java:748)
</failure>
  </testcase>
  <testcase name="given3YardAnd3Foot_whenAdded_shouldReturnInch" classname="com.measurements.QuantityMeasurementTest" time="0.0"/>
  <testcase name="given3YardAnd3Foot_whenAdded_shouldReturnYard" classname="com.measurements.QuantityMeasurementTest" time="0.0"/>
  <testcase name="given1Inch_whenCoverted_shouldReturnItInFoot" classname="com.measurements.QuantityMeasurementTest" time="0.0"/>
  <testcase name="given1Inch_whenCoverted_shouldReturnItInYard" classname="com.measurements.QuantityMeasurementTest" time="0.0"/>
  <testcase name="givenTwoZeroValues_whenCreated_shouldReturnSameReference" classname="com.measurements.QuantityMeasurementTest" time="0.0"/>
  <testcase name="givenLiterAndMilliliter_whenAdded_shouldReturnInGallon" classname="com.measurements.QuantityMeasurementTest" time="0.001"/>
  <testcase name="givenTonnwAndGram_whenAdded_shouldReturnInKilogram" classname="com.measurements.QuantityMeasurementTest" time="0.0"/>
  <testcase name="givenGallonAndLiters_whenAdded_shouldReturnInLiters" classname="com.measurements.QuantityMeasurementTest" time="0.0"/>
  <testcase name="given1FeetAnd1InchAnd3Inch_whenAdded_shouldReturnInch" classname="com.measurements.QuantityMeasurementTest" time="0.0"/>
  <testcase name="givenLiterAndMilliliter_whenAdded_shouldReturnInLiters" classname="com.measurements.QuantityMeasurementTest" time="0.0"/>
  <testcase name="given1Tonne_whenConverted_shouldReturnInKilogramPositiveTesting" classname="com.measurements.QuantityMeasurementTest" time="0.0"/>
  <testcase name="given3YardAnd3FootAnd3Inch_whenAdded_shouldReturnInch" classname="com.measurements.QuantityMeasurementTest" time="0.0"/>
  <testcase name="given3InchAnd1Inch_whenAdded_shouldReturnInInch" classname="com.measurements.QuantityMeasurementTest" time="0.0"/>
  <testcase name="givenCelcuisAndKelvin_whenAdded_shouldReturnInFahrenheit" classname="com.measurements.QuantityMeasurementTest" time="0.001">
    <failure message="java.lang.AssertionError: expected:&lt;com.measurements.QuantityMeasurement@2d0fdfb6&gt; but was:&lt;com.measurements.QuantityMeasurement@1a14ea27&gt;" type="java.lang.AssertionError">java.lang.AssertionError: expected:&lt;com.measurements.QuantityMeasurement@2d0fdfb6&gt; but was:&lt;com.measurements.QuantityMeasurement@1a14ea27&gt;
	at org.junit.Assert.fail(Assert.java:88)
	at org.junit.Assert.failNotEquals(Assert.java:834)
	at org.junit.Assert.assertEquals(Assert.java:118)
	at org.junit.Assert.assertEquals(Assert.java:144)
	at com.measurements.QuantityMeasurementTest.givenCelcuisAndKelvin_whenAdded_shouldReturnInFahrenheit(QuantityMeasurementTest.java:565)
	at sun.reflect.NativeMethodAccessorImpl.invoke0(Native Method)
	at sun.reflect.NativeMethodAccessorImpl.invoke(NativeMethodAccessorImpl.java:62)
	at sun.reflect.DelegatingMethodAccessorImpl.invoke(DelegatingMethodAccessorImpl.java:43)
	at java.lang.reflect.Method.invoke(Method.java:498)
	at org.junit.runners.model.FrameworkMethod$1.runReflectiveCall(FrameworkMethod.java:50)
	at org.junit.internal.runners.model.ReflectiveCallable.run(ReflectiveCallable.java:12)
	at org.junit.runners.model.FrameworkMethod.invokeExplosively(FrameworkMethod.java:47)
	at org.junit.internal.runners.statements.InvokeMethod.evaluate(InvokeMethod.java:17)
	at org.junit.runners.ParentRunner.runLeaf(ParentRunner.java:325)
	at org.junit.runners.BlockJUnit4ClassRunner.runChild(BlockJUnit4ClassRunner.java:78)
	at org.junit.runners.BlockJUnit4ClassRunner.runChild(BlockJUnit4ClassRunner.java:57)
	at org.junit.runners.ParentRunner$3.run(ParentRunner.java:290)
	at org.junit.runners.ParentRunner$1.schedule(ParentRunner.java:71)
	at org.junit.runners.ParentRunner.runChildren(ParentRunner.java:288)
	at org.junit.runners.ParentRunner.access$000(ParentRunner.java:58)
	at org.junit.runners.ParentRunner$2.evaluate(ParentRunner.java:268)
	at org.junit.runners.ParentRunner.run(ParentRunner.java:363)
	at org.gradle.api.internal.tasks.testing.junit.JUnitTestClassExecutor.runTestClass(JUnitTestClassExecutor.java:110)
	at org.gradle.api.internal.tasks.testing.junit.JUnitTestClassExecutor.execute(JUnitTestClassExecutor.java:58)
	at org.gradle.api.internal.tasks.testing.junit.JUnitTestClassExecutor.execute(JUnitTestClassExecutor.java:38)
	at org.gradle.api.internal.tasks.testing.junit.AbstractJUnitTestClassProcessor.processTestClass(AbstractJUnitTestClassProcessor.java:62)
	at org.gradle.api.internal.tasks.testing.SuiteTestClassProcessor.processTestClass(SuiteTestClassProcessor.java:51)
	at sun.reflect.NativeMethodAccessorImpl.invoke0(Native Method)
	at sun.reflect.NativeMethodAccessorImpl.invoke(NativeMethodAccessorImpl.java:62)
	at sun.reflect.DelegatingMethodAccessorImpl.invoke(DelegatingMethodAccessorImpl.java:43)
	at java.lang.reflect.Method.invoke(Method.java:498)
	at org.gradle.internal.dispatch.ReflectionDispatch.dispatch(ReflectionDispatch.java:36)
	at org.gradle.internal.dispatch.ReflectionDispatch.dispatch(ReflectionDispatch.java:24)
	at org.gradle.internal.dispatch.ContextClassLoaderDispatch.dispatch(ContextClassLoaderDispatch.java:33)
	at org.gradle.internal.dispatch.ProxyDispatchAdapter$DispatchingInvocationHandler.invoke(ProxyDispatchAdapter.java:94)
	at com.sun.proxy.$Proxy2.processTestClass(Unknown Source)
	at org.gradle.api.internal.tasks.testing.worker.TestWorker.processTestClass(TestWorker.java:118)
	at sun.reflect.NativeMethodAccessorImpl.invoke0(Native Method)
	at sun.reflect.NativeMethodAccessorImpl.invoke(NativeMethodAccessorImpl.java:62)
	at sun.reflect.DelegatingMethodAccessorImpl.invoke(DelegatingMethodAccessorImpl.java:43)
	at java.lang.reflect.Method.invoke(Method.java:498)
	at org.gradle.internal.dispatch.ReflectionDispatch.dispatch(ReflectionDispatch.java:36)
	at org.gradle.internal.dispatch.ReflectionDispatch.dispatch(ReflectionDispatch.java:24)
	at org.gradle.internal.remote.internal.hub.MessageHubBackedObjectConnection$DispatchWrapper.dispatch(MessageHubBackedObjectConnection.java:182)
	at org.gradle.internal.remote.internal.hub.MessageHubBackedObjectConnection$DispatchWrapper.dispatch(MessageHubBackedObjectConnection.java:164)
	at org.gradle.internal.remote.internal.hub.MessageHub$Handler.run(MessageHub.java:412)
	at org.gradle.internal.concurrent.ExecutorPolicy$CatchAndRecordFailures.onExecute(ExecutorPolicy.java:64)
	at org.gradle.internal.concurrent.ManagedExecutorImpl$1.run(ManagedExecutorImpl.java:48)
	at java.util.concurrent.ThreadPoolExecutor.runWorker(ThreadPoolExecutor.java:1149)
	at java.util.concurrent.ThreadPoolExecutor$Worker.run(ThreadPoolExecutor.java:624)
	at org.gradle.internal.concurrent.ThreadFactoryImpl$ManagedThreadRunnable.run(ThreadFactoryImpl.java:56)
	at java.lang.Thread.run(Thread.java:748)
</failure>
  </testcase>
  <testcase name="given1Tonne_whenConverted_shouldReturnInKilogramNegativeTesting" classname="com.measurements.QuantityMeasurementTest" time="0.0"/>
  <testcase name="given2Inch_whenConvertedtoCentimeter_shouldReturn5Centimeter" classname="com.measurements.QuantityMeasurementTest" time="0.0"/>
  <testcase name="givenTwoIdenticalValues_when1feetNotEqualTo1Inch_shouldReturnFalse" classname="com.measurements.QuantityMeasurementTest" time="0.0"/>
  <testcase name="givenTwoValues_when12InchEqualTo1Foot_shouldReturnSameReference" classname="com.measurements.QuantityMeasurementTest" time="0.0"/>
  <testcase name="given1Yard_whenCoverted_shouldReturnItInFoot" classname="com.measurements.QuantityMeasurementTest" time="0.0"/>
  <testcase name="given1Yard_whenCoverted_shouldReturnItInInch" classname="com.measurements.QuantityMeasurementTest" time="0.0"/>
  <testcase name="given2InchAnd2Inch_whenAdded_shouldReturnInInch" classname="com.measurements.QuantityMeasurementTest" time="0.0"/>
  <testcase name="given3FeetAnd1Yard_whenCompared_shouldReturnTrue" classname="com.measurements.QuantityMeasurementTest" time="0.0"/>
  <testcase name="given36InchAnd1Yard_whenCompared_shouldReturnTrue" classname="com.measurements.QuantityMeasurementTest" time="0.0"/>
  <testcase name="given1YardAnd3Feet_whenCompared_shouldReturnTrue" classname="com.measurements.QuantityMeasurementTest" time="0.0"/>
  <testcase name="givenSamelengthsOfInch_whenCompared_shouldReturnTrue" classname="com.measurements.QuantityMeasurementTest" time="0.0"/>
  <testcase name="given1FeetAnd2InchAnd3Inch_whenAdded_shouldReturnInch" classname="com.measurements.QuantityMeasurementTest" time="0.0"/>
  <testcase name="given1InchAnd1Yard_whenCompared_shouldReturnTrue" classname="com.measurements.QuantityMeasurementTest" time="0.0"/>
  <testcase name="given1InchAnd1Inch_whenAdded_shouldReturnFalseOutPut" classname="com.measurements.QuantityMeasurementTest" time="0.0"/>
  <testcase name="givenTonnwAndGram_whenAdded_shouldReturnInTonne" classname="com.measurements.QuantityMeasurementTest" time="0.0"/>
  <testcase name="givenTwoValues_whenCreated_shouldReturnSameReference" classname="com.measurements.QuantityMeasurementTest" time="0.0"/>
  <testcase name="given1Gallon_whenConverted_shouldReturnInlitrePositiveTesting" classname="com.measurements.QuantityMeasurementTest" time="0.0"/>
  <testcase name="given1FeetAnd1Yard_whenCompared_shouldReturnTrue" classname="com.measurements.QuantityMeasurementTest" time="0.0"/>
  <testcase name="given1Litre_whenConverted_shouldReturnInMilliLitre" classname="com.measurements.QuantityMeasurementTest" time="0.001"/>
  <testcase name="given1Gallon_whenConverted_shouldReturnInlitreNegativeTesting" classname="com.measurements.QuantityMeasurementTest" time="0.0"/>
  <testcase name="given1Kilogram_whenConverted_shouldReturnInGramPositiveTesting" classname="com.measurements.QuantityMeasurementTest" time="0.0"/>
  <testcase name="given1Kilogram_whenConverted_shouldReturnInGramNegativeTesting" classname="com.measurements.QuantityMeasurementTest" time="0.0"/>
  <testcase name="given1Litre_whenConverted_shouldReturnInMilliLitreNegativeTesting" classname="com.measurements.QuantityMeasurementTest" time="0.0"/>
  <testcase name="given3FeetAnd1Inch_whenAdded_shouldReturnFeet" classname="com.measurements.QuantityMeasurementTest" time="0.0"/>
  <testcase name="given3FeetAnd1Inch_whenAdded_shouldReturnInch" classname="com.measurements.QuantityMeasurementTest" time="0.0"/>
  <system-out><![CDATA[]]></system-out>
  <system-err><![CDATA[]]></system-err>
</testsuite>
